<?xml version="1.0" encoding="UTF-8"?>
<!-- Generated by org.testng.reporters.JUnitXMLReporter -->
<testsuite ignored="4" hostname="Manishs-MacBook-Pro.local" failures="0" tests="4" name="Test1" time="0.077" errors="0" timestamp="2022-03-04T12:56:10 IST">
  <testcase classname="com.mphasis.testng.TestNgDemo.TestClass1" name="method1" time="0.008"/>
  <testcase classname="com.mphasis.testng.TestNgDemo.TestClass1" name="method2" time="0.005"/>
  <testcase classname="com.mphasis.testng.TestNgDemo.TestClass2" name="method3" time="0.005"/>
  <testcase classname="com.mphasis.testng.TestNgDemo.TestClass2" name="method4" time="0.005"/>
  <testcase classname="com.mphasis.testng.TestNgDemo.AbstractTestNgDemo" name="@AfterTest afterTest" time="0.0">
    <ignored/>
  </testcase> <!-- @AfterTest afterTest -->
  <testcase classname="com.mphasis.testng.TestNgDemo.AbstractTestNgDemo" name="@AfterSuite afterSuite" time="0.0">
    <ignored/>
  </testcase> <!-- @AfterSuite afterSuite -->
  <testcase classname="com.mphasis.testng.TestNgDemo.AbstractTestNgDemo" name="@BeforeSuite beforeSuite" time="0.0">
    <ignored/>
  </testcase> <!-- @BeforeSuite beforeSuite -->
  <testcase classname="com.mphasis.testng.TestNgDemo.AbstractTestNgDemo" name="@BeforeTest beforeTest" time="0.0">
    <ignored/>
  </testcase> <!-- @BeforeTest beforeTest -->
</testsuite> <!-- Test1 -->
