<?xml version="1.0" encoding="UTF-8"?>
<!-- Generated by org.testng.reporters.JUnitXMLReporter -->
<testsuite ignored="0" hostname="Manishs-MacBook-Pro.local" failures="1" tests="2" name="Test2" time="0.024" errors="0" timestamp="2022-03-07T09:33:16 IST">
  <testcase classname="com.mphasis.testng.TestNgDemo.TestClass1" name="method1" time="0.002">
    <failure type="java.lang.AssertionError" message="expected [false] but found [true]">
      <![CDATA[java.lang.AssertionError: expected [false] but found [true]
at com.mphasis.testng.TestNgDemo.TestClass1.method1(TestClass1.java:17)
at java.base/java.util.ArrayList.forEach(ArrayList.java:1541)
... Removed 31 stack frames]]>
    </failure>
  </testcase> <!-- method1 -->
  <testcase classname="com.mphasis.testng.TestNgDemo.TestClass1" name="method2" time="0.002"/>
</testsuite> <!-- Test2 -->
