<?xml version="1.0" encoding="UTF-8"?>
<testng-results ignored="0" total="1" passed="1" failed="0" skipped="0">
  <reporter-output>
  </reporter-output>
  <suite started-at="2022-03-03T12:24:35 IST" name="Default suite" finished-at="2022-03-03T12:24:51 IST" duration-ms="16564">
    <groups>
    </groups>
    <test started-at="2022-03-03T12:24:35 IST" name="Default test" finished-at="2022-03-03T12:24:51 IST" duration-ms="16564">
      <class name="com.mphasis.selenium.SeleniumDemo.TestSwitchBetweenWindows">
        <test-method is-config="true" signature="beforeMethod()[pri:0, instance:com.mphasis.selenium.SeleniumDemo.TestSwitchBetweenWindows@74455848]" started-at="2022-03-03T12:24:35 IST" name="beforeMethod" finished-at="2022-03-03T12:24:42 IST" duration-ms="6916" status="PASS">
          <reporter-output>
          </reporter-output>
        </test-method> <!-- beforeMethod -->
        <test-method signature="testByLinkTextStrategy()[pri:0, instance:com.mphasis.selenium.SeleniumDemo.TestSwitchBetweenWindows@74455848]" started-at="2022-03-03T12:24:42 IST" name="testByLinkTextStrategy" finished-at="2022-03-03T12:24:51 IST" duration-ms="9471" status="PASS">
          <reporter-output>
          </reporter-output>
        </test-method> <!-- testByLinkTextStrategy -->
        <test-method is-config="true" signature="afterMethod()[pri:0, instance:com.mphasis.selenium.SeleniumDemo.TestSwitchBetweenWindows@74455848]" started-at="2022-03-03T12:24:51 IST" name="afterMethod" finished-at="2022-03-03T12:24:51 IST" duration-ms="140" status="PASS">
          <reporter-output>
          </reporter-output>
        </test-method> <!-- afterMethod -->
      </class> <!-- com.mphasis.selenium.SeleniumDemo.TestSwitchBetweenWindows -->
    </test> <!-- Default test -->
  </suite> <!-- Default suite -->
</testng-results>
