<?xml version="1.0" encoding="UTF-8"?>
<testng-results ignored="0" total="1" passed="1" failed="0" skipped="0">
  <reporter-output>
  </reporter-output>
  <suite started-at="2022-03-02T12:54:33 IST" name="Default suite" finished-at="2022-03-02T12:54:51 IST" duration-ms="17373">
    <groups>
    </groups>
    <test started-at="2022-03-02T12:54:33 IST" name="Default test" finished-at="2022-03-02T12:54:51 IST" duration-ms="17373">
      <class name="com.mphasis.selenium.SeleniumDemo.TestLocatorByLinkText">
        <test-method is-config="true" signature="beforeMethod()[pri:0, instance:com.mphasis.selenium.SeleniumDemo.TestLocatorByLinkText@c333c60]" started-at="2022-03-02T12:54:33 IST" name="beforeMethod" finished-at="2022-03-02T12:54:39 IST" duration-ms="5660" status="PASS">
          <reporter-output>
          </reporter-output>
        </test-method> <!-- beforeMethod -->
        <test-method signature="testByLinkTextStrategy()[pri:0, instance:com.mphasis.selenium.SeleniumDemo.TestLocatorByLinkText@c333c60]" started-at="2022-03-02T12:54:39 IST" name="testByLinkTextStrategy" finished-at="2022-03-02T12:54:50 IST" duration-ms="11500" status="PASS">
          <reporter-output>
          </reporter-output>
        </test-method> <!-- testByLinkTextStrategy -->
        <test-method is-config="true" signature="afterMethod()[pri:0, instance:com.mphasis.selenium.SeleniumDemo.TestLocatorByLinkText@c333c60]" started-at="2022-03-02T12:54:51 IST" name="afterMethod" finished-at="2022-03-02T12:54:51 IST" duration-ms="164" status="PASS">
          <reporter-output>
          </reporter-output>
        </test-method> <!-- afterMethod -->
      </class> <!-- com.mphasis.selenium.SeleniumDemo.TestLocatorByLinkText -->
    </test> <!-- Default test -->
  </suite> <!-- Default suite -->
</testng-results>
