<?xml version="1.0" encoding="UTF-8"?>
<testng-results ignored="0" total="1" passed="1" failed="0" skipped="0">
  <reporter-output>
  </reporter-output>
  <suite started-at="2022-03-07T13:08:10 IST" name="Default suite" finished-at="2022-03-07T13:09:07 IST" duration-ms="57041">
    <groups>
    </groups>
    <test started-at="2022-03-07T13:08:10 IST" name="Default test" finished-at="2022-03-07T13:09:07 IST" duration-ms="57041">
      <class name="com.mphasis.testng.TestNgDemo.AssignemtTestDemo">
        <test-method is-config="true" signature="before()[pri:0, instance:com.mphasis.testng.TestNgDemo.AssignemtTestDemo@3a6bb9bf]" started-at="2022-03-07T13:08:10 IST" name="before" finished-at="2022-03-07T13:09:02 IST" duration-ms="52232" status="PASS">
          <reporter-output>
          </reporter-output>
        </test-method> <!-- before -->
        <test-method signature="testOpeningSelenuimHoverLink()[pri:0, instance:com.mphasis.testng.TestNgDemo.AssignemtTestDemo@3a6bb9bf]" started-at="2022-03-07T13:09:02 IST" name="testOpeningSelenuimHoverLink" finished-at="2022-03-07T13:09:07 IST" duration-ms="4610" status="PASS">
          <reporter-output>
          </reporter-output>
        </test-method> <!-- testOpeningSelenuimHoverLink -->
        <test-method is-config="true" signature="after()[pri:0, instance:com.mphasis.testng.TestNgDemo.AssignemtTestDemo@3a6bb9bf]" started-at="2022-03-07T13:09:07 IST" name="after" finished-at="2022-03-07T13:09:07 IST" duration-ms="153" status="PASS">
          <reporter-output>
          </reporter-output>
        </test-method> <!-- after -->
      </class> <!-- com.mphasis.testng.TestNgDemo.AssignemtTestDemo -->
    </test> <!-- Default test -->
  </suite> <!-- Default suite -->
</testng-results>
