<?xml version="1.0" encoding="UTF-8"?>
<testng-results ignored="4" total="10" passed="6" failed="0" skipped="0">
  <reporter-output>
  </reporter-output>
  <suite started-at="2022-03-04T12:56:10 IST" name="Suite" finished-at="2022-03-04T12:56:10 IST" duration-ms="402">
    <groups>
    </groups>
    <test started-at="2022-03-04T12:56:10 IST" name="Test1" finished-at="2022-03-04T12:56:10 IST" duration-ms="77">
      <class name="com.mphasis.testng.TestNgDemo.TestClass1">
        <test-method is-config="true" signature="beforeTest()[pri:0, instance:com.mphasis.testng.TestNgDemo.TestClass1@53976f5c]" started-at="2022-03-04T12:56:10 IST" name="beforeTest" finished-at="2022-03-04T12:56:10 IST" duration-ms="3" status="PASS">
          <reporter-output>
          </reporter-output>
        </test-method> <!-- beforeTest -->
        <test-method is-config="true" signature="beforeClass()[pri:0, instance:com.mphasis.testng.TestNgDemo.TestClass1@53976f5c]" started-at="2022-03-04T12:56:10 IST" name="beforeClass" finished-at="2022-03-04T12:56:10 IST" duration-ms="1" status="PASS">
          <reporter-output>
          </reporter-output>
        </test-method> <!-- beforeClass -->
        <test-method is-config="true" signature="beforeMethod()[pri:0, instance:com.mphasis.testng.TestNgDemo.TestClass1@53976f5c]" started-at="2022-03-04T12:56:10 IST" name="beforeMethod" finished-at="2022-03-04T12:56:10 IST" duration-ms="0" status="PASS">
          <reporter-output>
          </reporter-output>
        </test-method> <!-- beforeMethod -->
        <test-method signature="method1()[pri:0, instance:com.mphasis.testng.TestNgDemo.TestClass1@53976f5c]" started-at="2022-03-04T12:56:10 IST" name="method1" finished-at="2022-03-04T12:56:10 IST" duration-ms="8" status="PASS">
          <reporter-output>
          </reporter-output>
        </test-method> <!-- method1 -->
        <test-method is-config="true" signature="afterMethod()[pri:0, instance:com.mphasis.testng.TestNgDemo.TestClass1@53976f5c]" started-at="2022-03-04T12:56:10 IST" name="afterMethod" finished-at="2022-03-04T12:56:10 IST" duration-ms="0" status="PASS">
          <reporter-output>
          </reporter-output>
        </test-method> <!-- afterMethod -->
        <test-method is-config="true" signature="beforeMethod()[pri:0, instance:com.mphasis.testng.TestNgDemo.TestClass1@53976f5c]" started-at="2022-03-04T12:56:10 IST" name="beforeMethod" finished-at="2022-03-04T12:56:10 IST" duration-ms="1" status="PASS">
          <reporter-output>
          </reporter-output>
        </test-method> <!-- beforeMethod -->
        <test-method signature="method2()[pri:0, instance:com.mphasis.testng.TestNgDemo.TestClass1@53976f5c]" started-at="2022-03-04T12:56:10 IST" name="method2" finished-at="2022-03-04T12:56:10 IST" duration-ms="5" status="PASS">
          <reporter-output>
          </reporter-output>
        </test-method> <!-- method2 -->
        <test-method is-config="true" signature="afterMethod()[pri:0, instance:com.mphasis.testng.TestNgDemo.TestClass1@53976f5c]" started-at="2022-03-04T12:56:10 IST" name="afterMethod" finished-at="2022-03-04T12:56:10 IST" duration-ms="0" status="PASS">
          <reporter-output>
          </reporter-output>
        </test-method> <!-- afterMethod -->
        <test-method is-config="true" signature="afterClass()[pri:0, instance:com.mphasis.testng.TestNgDemo.TestClass1@53976f5c]" started-at="2022-03-04T12:56:10 IST" name="afterClass" finished-at="2022-03-04T12:56:10 IST" duration-ms="1" status="PASS">
          <reporter-output>
          </reporter-output>
        </test-method> <!-- afterClass -->
        <test-method is-config="true" signature="afterTest()[pri:0, instance:com.mphasis.testng.TestNgDemo.TestClass1@53976f5c]" started-at="2022-03-04T12:56:10 IST" name="afterTest" finished-at="2022-03-04T12:56:10 IST" duration-ms="0" status="PASS">
          <reporter-output>
          </reporter-output>
        </test-method> <!-- afterTest -->
      </class> <!-- com.mphasis.testng.TestNgDemo.TestClass1 -->
      <class name="com.mphasis.testng.TestNgDemo.TestClass2">
        <test-method is-config="true" signature="beforeClass()[pri:0, instance:com.mphasis.testng.TestNgDemo.TestClass2@2bfc268b]" started-at="2022-03-04T12:56:10 IST" name="beforeClass" finished-at="2022-03-04T12:56:10 IST" duration-ms="0" status="PASS">
          <reporter-output>
          </reporter-output>
        </test-method> <!-- beforeClass -->
        <test-method signature="method3()[pri:0, instance:com.mphasis.testng.TestNgDemo.TestClass2@2bfc268b]" started-at="2022-03-04T12:56:10 IST" name="method3" finished-at="2022-03-04T12:56:10 IST" duration-ms="5" status="PASS">
          <reporter-output>
          </reporter-output>
        </test-method> <!-- method3 -->
        <test-method is-config="true" signature="beforeMethod()[pri:0, instance:com.mphasis.testng.TestNgDemo.TestClass2@2bfc268b]" started-at="2022-03-04T12:56:10 IST" name="beforeMethod" finished-at="2022-03-04T12:56:10 IST" duration-ms="0" status="PASS">
          <reporter-output>
          </reporter-output>
        </test-method> <!-- beforeMethod -->
        <test-method is-config="true" signature="afterMethod()[pri:0, instance:com.mphasis.testng.TestNgDemo.TestClass2@2bfc268b]" started-at="2022-03-04T12:56:10 IST" name="afterMethod" finished-at="2022-03-04T12:56:10 IST" duration-ms="1" status="PASS">
          <reporter-output>
          </reporter-output>
        </test-method> <!-- afterMethod -->
        <test-method is-config="true" signature="beforeMethod()[pri:0, instance:com.mphasis.testng.TestNgDemo.TestClass2@2bfc268b]" started-at="2022-03-04T12:56:10 IST" name="beforeMethod" finished-at="2022-03-04T12:56:10 IST" duration-ms="0" status="PASS">
          <reporter-output>
          </reporter-output>
        </test-method> <!-- beforeMethod -->
        <test-method signature="method4()[pri:0, instance:com.mphasis.testng.TestNgDemo.TestClass2@2bfc268b]" started-at="2022-03-04T12:56:10 IST" name="method4" finished-at="2022-03-04T12:56:10 IST" duration-ms="5" status="PASS">
          <reporter-output>
          </reporter-output>
        </test-method> <!-- method4 -->
        <test-method is-config="true" signature="afterMethod()[pri:0, instance:com.mphasis.testng.TestNgDemo.TestClass2@2bfc268b]" started-at="2022-03-04T12:56:10 IST" name="afterMethod" finished-at="2022-03-04T12:56:10 IST" duration-ms="0" status="PASS">
          <reporter-output>
          </reporter-output>
        </test-method> <!-- afterMethod -->
        <test-method is-config="true" signature="afterClass()[pri:0, instance:com.mphasis.testng.TestNgDemo.TestClass2@2bfc268b]" started-at="2022-03-04T12:56:10 IST" name="afterClass" finished-at="2022-03-04T12:56:10 IST" duration-ms="0" status="PASS">
          <reporter-output>
          </reporter-output>
        </test-method> <!-- afterClass -->
      </class> <!-- com.mphasis.testng.TestNgDemo.TestClass2 -->
    </test> <!-- Test1 -->
    <test started-at="2022-03-04T12:56:10 IST" name="Test2" finished-at="2022-03-04T12:56:10 IST" duration-ms="13">
      <class name="com.mphasis.testng.TestNgDemo.TestClass1">
        <test-method is-config="true" signature="beforeSuite()[pri:0, instance:com.mphasis.testng.TestNgDemo.TestClass1@20f5239f]" started-at="2022-03-04T12:56:10 IST" name="beforeSuite" finished-at="2022-03-04T12:56:10 IST" duration-ms="12" status="PASS">
          <reporter-output>
          </reporter-output>
        </test-method> <!-- beforeSuite -->
        <test-method is-config="true" signature="beforeTest()[pri:0, instance:com.mphasis.testng.TestNgDemo.TestClass1@20f5239f]" started-at="2022-03-04T12:56:10 IST" name="beforeTest" finished-at="2022-03-04T12:56:10 IST" duration-ms="1" status="PASS">
          <reporter-output>
          </reporter-output>
        </test-method> <!-- beforeTest -->
        <test-method is-config="true" signature="beforeClass()[pri:0, instance:com.mphasis.testng.TestNgDemo.TestClass1@20f5239f]" started-at="2022-03-04T12:56:10 IST" name="beforeClass" finished-at="2022-03-04T12:56:10 IST" duration-ms="0" status="PASS">
          <reporter-output>
          </reporter-output>
        </test-method> <!-- beforeClass -->
        <test-method is-config="true" signature="beforeMethod()[pri:0, instance:com.mphasis.testng.TestNgDemo.TestClass1@20f5239f]" started-at="2022-03-04T12:56:10 IST" name="beforeMethod" finished-at="2022-03-04T12:56:10 IST" duration-ms="1" status="PASS">
          <reporter-output>
          </reporter-output>
        </test-method> <!-- beforeMethod -->
        <test-method signature="method1()[pri:0, instance:com.mphasis.testng.TestNgDemo.TestClass1@20f5239f]" started-at="2022-03-04T12:56:10 IST" name="method1" finished-at="2022-03-04T12:56:10 IST" duration-ms="1" status="PASS">
          <reporter-output>
          </reporter-output>
        </test-method> <!-- method1 -->
        <test-method signature="method2()[pri:0, instance:com.mphasis.testng.TestNgDemo.TestClass1@20f5239f]" started-at="2022-03-04T12:56:10 IST" name="method2" finished-at="2022-03-04T12:56:10 IST" duration-ms="1" status="PASS">
          <reporter-output>
          </reporter-output>
        </test-method> <!-- method2 -->
        <test-method is-config="true" signature="afterMethod()[pri:0, instance:com.mphasis.testng.TestNgDemo.TestClass1@20f5239f]" started-at="2022-03-04T12:56:10 IST" name="afterMethod" finished-at="2022-03-04T12:56:10 IST" duration-ms="0" status="PASS">
          <reporter-output>
          </reporter-output>
        </test-method> <!-- afterMethod -->
        <test-method is-config="true" signature="beforeMethod()[pri:0, instance:com.mphasis.testng.TestNgDemo.TestClass1@20f5239f]" started-at="2022-03-04T12:56:10 IST" name="beforeMethod" finished-at="2022-03-04T12:56:10 IST" duration-ms="0" status="PASS">
          <reporter-output>
          </reporter-output>
        </test-method> <!-- beforeMethod -->
        <test-method is-config="true" signature="afterTest()[pri:0, instance:com.mphasis.testng.TestNgDemo.TestClass1@20f5239f]" started-at="2022-03-04T12:56:10 IST" name="afterTest" finished-at="2022-03-04T12:56:10 IST" duration-ms="0" status="PASS">
          <reporter-output>
          </reporter-output>
        </test-method> <!-- afterTest -->
        <test-method is-config="true" signature="afterClass()[pri:0, instance:com.mphasis.testng.TestNgDemo.TestClass1@20f5239f]" started-at="2022-03-04T12:56:10 IST" name="afterClass" finished-at="2022-03-04T12:56:10 IST" duration-ms="0" status="PASS">
          <reporter-output>
          </reporter-output>
        </test-method> <!-- afterClass -->
        <test-method is-config="true" signature="afterMethod()[pri:0, instance:com.mphasis.testng.TestNgDemo.TestClass1@20f5239f]" started-at="2022-03-04T12:56:10 IST" name="afterMethod" finished-at="2022-03-04T12:56:10 IST" duration-ms="0" status="PASS">
          <reporter-output>
          </reporter-output>
        </test-method> <!-- afterMethod -->
        <test-method is-config="true" signature="afterSuite()[pri:0, instance:com.mphasis.testng.TestNgDemo.TestClass1@20f5239f]" started-at="2022-03-04T12:56:10 IST" name="afterSuite" finished-at="2022-03-04T12:56:10 IST" duration-ms="0" status="PASS">
          <reporter-output>
          </reporter-output>
        </test-method> <!-- afterSuite -->
      </class> <!-- com.mphasis.testng.TestNgDemo.TestClass1 -->
    </test> <!-- Test2 -->
  </suite> <!-- Suite -->
</testng-results>
